<?xml version="1.0" encoding="UTF-8"?>
<!-- Generated by org.testng.reporters.JUnitReportReporter -->
<testsuite skipped="0" hostname="DESKTOP-0NSM1IS" name="testpages.TestPageBilling" tests="1" failures="0" timestamp="2022-01-31T17:50:15 IST" time="21.861" errors="0">
  <testcase name="testBillDetails" time="21.861" classname="testpages.TestPageBilling"/>
  <system-out/>
</testsuite> <!-- testpages.TestPageBilling -->
