<?xml version="1.0" encoding="UTF-8"?>
<!-- Generated by org.testng.reporters.JUnitReportReporter -->
<testsuite skipped="1" hostname="DESKTOP-0NSM1IS" name="testpages.TestPageCustomer" tests="1" failures="0" timestamp="2022-01-31T19:52:18 IST" time="0.000" errors="0">
  <testcase name="testAddCustomer" time="0.000" classname="testpages.TestPageCustomer">
    <skipped/>
  </testcase> <!-- testAddCustomer -->
  <system-out/>
</testsuite> <!-- testpages.TestPageCustomer -->
